No te olvides del VX#8461 is now running!
FinnConde#0950 said: 'ahora sí debería' (generalisimo)
400 Bad Request (error code: 50006): Cannot send an empty message
FinnConde#0950 said: 'https://vm.tiktok.com/ZGJxPKmTo/' (generalisimo)
FinnConde#0950 said: 'ahora sí' (generalisimo)
400 Bad Request (error code: 50006): Cannot send an empty message
arthas1100#8934 said: 'oleee' (generalisimo)
400 Bad Request (error code: 50006): Cannot send an empty message
FinnConde#0950 said: 'funcionó' (generalisimo)
400 Bad Request (error code: 50006): Cannot send an empty message
pastee#6907 said: 'VAMOSSSS' (generalisimo)
400 Bad Request (error code: 50006): Cannot send an empty message
pastee#6907 said: '🎉🎉🎉' (generalisimo)
400 Bad Request (error code: 50006): Cannot send an empty message
Dunspa#5960 said: '' (generalisimo)
bermeaz#5792 said: 'https://vm.tiktok.com/ZGJxPKmTo/' (generalisimo)
Dunspa#5960 said: 'Tengo el poder de chaparlo cuando quiera' (generalisimo)
400 Bad Request (error code: 50006): Cannot send an empty message
pastee#6907 said: 'https://vm.tiktok.com/ZGJx5FdF7/ <@178506246712852480>' (generalisimo)
arthas1100#8934 said: '👏' (generalisimo)
400 Bad Request (error code: 50006): Cannot send an empty message
bermeaz#5792 said: 'DFHJGVJDFHGVDFJGV' (generalisimo)
400 Bad Request (error code: 50006): Cannot send an empty message
bermeaz#5792 said: 'TAL CUAAAAAAL' (generalisimo)
400 Bad Request (error code: 50006): Cannot send an empty message
Iñaki#1968 said: '<@178506246712852480> https://youtu.be/udsbTi1dKYE' (generalisimo)
400 Bad Request (error code: 50006): Cannot send an empty message
bermeaz#5792 said: 'la secuela que no sabíamos que necesitábamos' (generalisimo)
400 Bad Request (error code: 50006): Cannot send an empty message
bermeaz#5792 said: '' (generalisimo)
caunipa#5890 said: 'yo no la necesitaba' (generalisimo)
400 Bad Request (error code: 50006): Cannot send an empty message
arthas1100#8934 said: 'vale.' (generalisimo)
400 Bad Request (error code: 50006): Cannot send an empty message
pastee#6907 said: 'recordatorio diario d q os amo mucho' (generalisimo)
400 Bad Request (error code: 50006): Cannot send an empty message
pastee#6907 said: 'si no lo digo exploto' (generalisimo)
400 Bad Request (error code: 50006): Cannot send an empty message
arthas1100#8934 said: 'igualmente, os quiero mucho mucho muchoo' (generalisimo)
400 Bad Request (error code: 50006): Cannot send an empty message
FinnConde#0950 said: 'yo amo mi bot' (generalisimo)
400 Bad Request (error code: 50006): Cannot send an empty message
FinnConde#0950 said: 'funciona' (generalisimo)
400 Bad Request (error code: 50006): Cannot send an empty message
bermeaz#5792 said: 'https://tenor.com/view/coffee-with-breast-milk-gas-leak-starbucks-gif-24532857' (generalisimo)
400 Bad Request (error code: 50006): Cannot send an empty message
pastee#6907 said: 'NO' (generalisimo)
400 Bad Request (error code: 50006): Cannot send an empty message
bermeaz#5792 said: 'tú haciendo de repente un bot y yo pegándome con el guión para hacer bien una bibliografía' (generalisimo)
400 Bad Request (error code: 50006): Cannot send an empty message
bermeaz#5792 said: 'diferencias' (generalisimo)
400 Bad Request (error code: 50006): Cannot send an empty message
FinnConde#0950 said: 'hombre si la parte de programar ha sido más bien fácil' (generalisimo)
400 Bad Request (error code: 50006): Cannot send an empty message
FinnConde#0950 said: 'lo único que he tenido que meterme de cabezazos un poco con python (nada nuevo)' (generalisimo)
400 Bad Request (error code: 50006): Cannot send an empty message
bermeaz#5792 said: 'yo no sabría ni encender la raspberry' (generalisimo)
400 Bad Request (error code: 50006): Cannot send an empty message
bermeaz#5792 said: '<@352572019814039573>' (generalisimo)
400 Bad Request (error code: 50006): Cannot send an empty message
caunipa#5890 said: 'qué pasa' (generalisimo)
400 Bad Request (error code: 50006): Cannot send an empty message
caunipa#5890 said: 'cuando sale la nueva del <@&821780966816088064>?' (generalisimo)
400 Bad Request (error code: 50006): Cannot send an empty message
Lord Pani#1888 said: 'Enlace de tiktok....' (generalisimo)
400 Bad Request (error code: 50006): Cannot send an empty message
Lord Pani#1888 said: 'El 9 de junio acaba esta juraría' (generalisimo)
400 Bad Request (error code: 50006): Cannot send an empty message
Lord Pani#1888 said: 'Voy a buscar un video para estrenar el finnbot' (generalisimo)
400 Bad Request (error code: 50006): Cannot send an empty message
arthas1100#8934 said: '<@338725786687373315>' (generalisimo)
400 Bad Request (error code: 50006): Cannot send an empty message
Lord Pani#1888 said: 'Cómo funciona?' (generalisimo)
400 Bad Request (error code: 50006): Cannot send an empty message
Lord Pani#1888 said: 'Me refiero a estrenarlo yo de que sea mi primera vez' (generalisimo)
400 Bad Request (error code: 50006): Cannot send an empty message
Lord Pani#1888 said: 'Pongo enlace sin vx y ya¿' (generalisimo)
400 Bad Request (error code: 50006): Cannot send an empty message
arthas1100#8934 said: 'pon el enlace y ya' (generalisimo)
400 Bad Request (error code: 50006): Cannot send an empty message
Lord Pani#1888 said: 'https://twitter.com/LordPani/status/1658075000392351746?t=kpVUi4WmXbm7HX-PcMQEhg&s=19' (generalisimo)
module 'snscrape.modules.twitter' has no attribute 'TwitterTweetScraper'
Dunspa#5960 said: 'HORA Y MEDIA' (generalisimo)
400 Bad Request (error code: 50006): Cannot send an empty message
Lord Pani#1888 said: 'POR QUÉ NO ME CORRIGE' (generalisimo)
400 Bad Request (error code: 50006): Cannot send an empty message
arthas1100#8934 said: 'bot espabila 🫰' (generalisimo)
400 Bad Request (error code: 50006): Cannot send an empty message
FinnConde#0950 said: 'JODER' (generalisimo)
400 Bad Request (error code: 50006): Cannot send an empty message
FinnConde#0950 said: 'HERMANO' (generalisimo)
400 Bad Request (error code: 50006): Cannot send an empty message
FinnConde#0950 said: 'https://vm.tiktok.com/ZGJx5FdF7/' (generalisimo)
FinnConde#0950 said: 'NO LO HA PILLAO' (generalisimo)
400 Bad Request (error code: 50006): Cannot send an empty message
FinnConde#0950 said: 'oh espera' (generalisimo)
400 Bad Request (error code: 50006): Cannot send an empty message
FinnConde#0950 said: 'verás' (generalisimo)
400 Bad Request (error code: 50006): Cannot send an empty message
Lord Pani#1888 said: 'Por qué solo tiktok....' (generalisimo)
400 Bad Request (error code: 50006): Cannot send an empty message
FinnConde#0950 said: 'que está fallando la librería de twitter' (generalisimo)
400 Bad Request (error code: 50006): Cannot send an empty message
FinnConde#0950 said: 'https://twitter.com/i/status/1658075000392351746?t=kpVUi4WmXbm7HX-PcMQEhg&s=19' (generalisimo)
module 'snscrape.modules.twitter' has no attribute 'TwitterTweetScraper'
FinnConde#0950 said: 'sí va' (generalisimo)
400 Bad Request (error code: 50006): Cannot send an empty message
arthas1100#8934 said: 'no' (generalisimo)
400 Bad Request (error code: 50006): Cannot send an empty message
FinnConde#0950 said: '(sí va una cosa digo)' (generalisimo)
400 Bad Request (error code: 50006): Cannot send an empty message
FinnConde#0950 said: 'mmmmm' (generalisimo)
400 Bad Request (error code: 50006): Cannot send an empty message
arthas1100#8934 said: 'oh' (generalisimo)
400 Bad Request (error code: 50006): Cannot send an empty message
FinnConde#0950 said: 'a ver esperen' (generalisimo)
400 Bad Request (error code: 50006): Cannot send an empty message
Lord Pani#1888 said: 'Va a hacer la cosa de teclear muy rápido numeritos en la pantalla!' (generalisimo)
400 Bad Request (error code: 50006): Cannot send an empty message
FinnConde#0950 said: 'https://twitter.com/i/status/1658075000392351746?t=kpVUi4WmXbm7HX-PcMQEhg&s=19' (generalisimo)
module 'snscrape.modules.twitter' has no attribute 'TwitterTweetScraper'
FinnConde#0950 said: 'MODULE SNSCRAPE.MODULES.TWITTER HAS NO ATTRIBUTE TWITTERTWEETSCRAPER' (generalisimo)
400 Bad Request (error code: 50006): Cannot send an empty message
FinnConde#0950 said: 'POR LA CARA' (generalisimo)
400 Bad Request (error code: 50006): Cannot send an empty message
arthas1100#8934 said: 'puede ser esto?' (generalisimo)
400 Bad Request (error code: 50006): Cannot send an empty message
FinnConde#0950 said: 'no' (generalisimo)
400 Bad Request (error code: 50006): Cannot send an empty message
FinnConde#0950 said: 'es culpa del puto python' (generalisimo)
400 Bad Request (error code: 50006): Cannot send an empty message
FinnConde#0950 said: 'que es una mierda' (generalisimo)
400 Bad Request (error code: 50006): Cannot send an empty message
arthas1100#8934 said: 'vaya' (generalisimo)
400 Bad Request (error code: 50006): Cannot send an empty message
caunipa#5890 said: 'jodes tengo tres días' (generalisimo)
400 Bad Request (error code: 50006): Cannot send an empty message
pastee#6907 said: 'mi tiktok ya esta completamente roto' (generalisimo)
400 Bad Request (error code: 50006): Cannot send an empty message
pastee#6907 said: 'https://vm.tiktok.com/ZGJx5ke8E/' (generalisimo)
arthas1100#8934 said: 'me voy a cagar en casa cristo <@239733355602509825>. En el primer 1 no me hace lariat del AK pero en el segundo 1 si.' (generalisimo)
400 Bad Request (error code: 50006): Cannot send an empty message
arthas1100#8934 said: 'no es frame perfect así que puede salir sin que sea tan justo (creo)' (generalisimo)
400 Bad Request (error code: 50006): Cannot send an empty message
FinnConde#0950 said: '<@244479188831174657> te vas a cagar, hemos descargado la versión de python que no es :)' (generalisimo)
400 Bad Request (error code: 50006): Cannot send an empty message
arthas1100#8934 said: 'buena' (generalisimo)
400 Bad Request (error code: 50006): Cannot send an empty message
FinnConde#0950 said: 'odio cuando las versiones más nuevas de algo no tienen retrocompatibilidad' (generalisimo)
400 Bad Request (error code: 50006): Cannot send an empty message
Lord Pani#1888 said: 'No sé ni para qué lo abro!' (generalisimo)
400 Bad Request (error code: 50006): Cannot send an empty message
Iñaki#1968 said: 'Tienes que hacerlo instantáneo no puedes dejar pulsao hacia abajo' (generalisimo)
400 Bad Request (error code: 50006): Cannot send an empty message
Iñaki#1968 said: 'Igual es eso' (generalisimo)
400 Bad Request (error code: 50006): Cannot send an empty message
arthas1100#8934 said: 'nah porque sale igualmente así otras veces' (generalisimo)
400 Bad Request (error code: 50006): Cannot send an empty message
arthas1100#8934 said: 'además que con mando no dejo pulsado' (generalisimo)
400 Bad Request (error code: 50006): Cannot send an empty message
arthas1100#8934 said: 'pilla raro' (generalisimo)
400 Bad Request (error code: 50006): Cannot send an empty message
pastee#6907 said: 'porque m quieres mucho oomf!!' (generalisimo)
400 Bad Request (error code: 50006): Cannot send an empty message
Lord Pani#1888 said: 'Sí pero ha sido horrible!' (generalisimo)
400 Bad Request (error code: 50006): Cannot send an empty message
arthas1100#8934 said: 'no se a mi me pilla acciones de mas cuando simplemente hago dos taps o simplemente hago el recorrido entero rapido (que lo termino sin dejar pulsado)' (generalisimo)
400 Bad Request (error code: 50006): Cannot send an empty message
Óscar#4522 said: 'Va pavro' (generalisimo)
400 Bad Request (error code: 50006): Cannot send an empty message
Óscar#4522 said: 'me presento soy miércoles addams' (generalisimo)
400 Bad Request (error code: 50006): Cannot send an empty message
Lord Pani#1888 said: 'Si fuera basada se llamaría Viernes (de pizza)' (generalisimo)
400 Bad Request (error code: 50006): Cannot send an empty message
Pavro#5053 said: 'Va 🤩' (generalisimo)
400 Bad Request (error code: 50006): Cannot send an empty message
Óscar#4522 said: '' (generalisimo)
Lord Pani#1888 said: 'Tengo malas noticias mi personaje del libro que decía que era un twink en realidad no creo que lo sea' (generalisimo)
400 Bad Request (error code: 50006): Cannot send an empty message
arthas1100#8934 said: 'no te salió twink el hijo' (generalisimo)
400 Bad Request (error code: 50006): Cannot send an empty message
Pavro#5053 said: 'Ya no lo leo...' (generalisimo)
400 Bad Request (error code: 50006): Cannot send an empty message
Lord Pani#1888 said: 'Es que no creo que cumpla la definición de twink' (generalisimo)
400 Bad Request (error code: 50006): Cannot send an empty message
Lord Pani#1888 said: 'Pavro debes leerlo hay muchas mujeres bien chidas y como eres hetero y tal pues' (generalisimo)
400 Bad Request (error code: 50006): Cannot send an empty message
FinnConde#0950 said: 'https://twitter.com/i/status/1658075000392351746?t=kpVUi4WmXbm7HX-PcMQEhg&s=19' (generalisimo)
module 'snscrape.modules.twitter' has no attribute 'TwitterTweetScraper'
FinnConde#0950 said: 'sabía que no iba a funcionar, era para ver el fallo' (generalisimo)
400 Bad Request (error code: 50006): Cannot send an empty message
FinnConde#0950 said: 'mmmmmmmmmmm' (generalisimo)
400 Bad Request (error code: 50006): Cannot send an empty message
Óscar#4522 said: '<@396694591346311169>' (generalisimo)
400 Bad Request (error code: 50006): Cannot send an empty message
pastee#6907 said: '' (generalisimo)
Dunspa#5960 said: 'Por que?' (generalisimo)
400 Bad Request (error code: 50006): Cannot send an empty message
Dunspa#5960 said: 'Si era la 3.8' (generalisimo)
400 Bad Request (error code: 50006): Cannot send an empty message
Dunspa#5960 said: 'Borrala e instala otra si quieres' (generalisimo)
400 Bad Request (error code: 50006): Cannot send an empty message
Óscar#4522 said: 'https://tenor.com/view/wednesday-wednesday-addams-wednesday-addams-dance-wadnasday-wednesday-netflix-gif-27208209' (generalisimo)
400 Bad Request (error code: 50006): Cannot send an empty message
bermeaz#5792 said: 'https://tenor.com/view/garfield-coffee-gif-22663516' (generalisimo)
400 Bad Request (error code: 50006): Cannot send an empty message
bermeaz#5792 said: 'https://twitter.com/NocturnalEru/status/1664190581923258368' (generalisimo)
module 'snscrape.modules.twitter' has no attribute 'TwitterTweetScraper'
bermeaz#5792 said: 'COÑO QUE ES DEL ERU EL TWEET' (generalisimo)
400 Bad Request (error code: 50006): Cannot send an empty message
Iñaki#1968 said: 'https://youtu.be/zMg-3KHhkvI' (generalisimo)
400 Bad Request (error code: 50006): Cannot send an empty message
caunipa#5890 said: 'inauguro trucada' (generalisimo)
400 Bad Request (error code: 50006): Cannot send an empty message
caunipa#5890 said: 'se puede fall guys' (generalisimo)
400 Bad Request (error code: 50006): Cannot send an empty message
Iñaki#1968 said: 'Voy' (generalisimo)
400 Bad Request (error code: 50006): Cannot send an empty message
bermeaz#5792 said: 'madre mía cuando pueda yo trucada los jueves' (generalisimo)
400 Bad Request (error code: 50006): Cannot send an empty message
bermeaz#5792 said: 'que poco queda' (generalisimo)
400 Bad Request (error code: 50006): Cannot send an empty message
arthas1100#8934 said: 'aguanta' (generalisimo)
400 Bad Request (error code: 50006): Cannot send an empty message
bermeaz#5792 said: 'de hecho' (generalisimo)
400 Bad Request (error code: 50006): Cannot send an empty message
bermeaz#5792 said: 'la semana que viene puedo que el viernes es el día de la rioja' (generalisimo)
400 Bad Request (error code: 50006): Cannot send an empty message
bermeaz#5792 said: 'se viene' (generalisimo)
400 Bad Request (error code: 50006): Cannot send an empty message
arthas1100#8934 said: 'yo ceno ahora y me meto' (generalisimo)
400 Bad Request (error code: 50006): Cannot send an empty message
arthas1100#8934 said: 'ojito' (generalisimo)
400 Bad Request (error code: 50006): Cannot send an empty message
FinnConde#0950 said: 'para el discord sí' (generalisimo)
400 Bad Request (error code: 50006): Cannot send an empty message
FinnConde#0950 said: 'para el scraper no' (generalisimo)
400 Bad Request (error code: 50006): Cannot send an empty message
FinnConde#0950 said: 'https://media.discordapp.net/attachments/698704935591608351/996825324153225236/ezgif.com-resize_2.gif' (generalisimo)
400 Bad Request (error code: 50006): Cannot send an empty message
FinnConde#0950 said: 'voy a instalar exactamente la misma que he usado en el pc porque toi harto' (generalisimo)
400 Bad Request (error code: 50006): Cannot send an empty messageTraceback (most recent call last):
  File "/home/pi/shared/vx_bot/main.py", line 1, in <module>
    import bot
  File "/home/pi/shared/vx_bot/bot.py", line 1, in <module>
    import discord
ModuleNotFoundError: No module named 'discord'
Traceback (most recent call last):
  File "/home/pi/shared/vx_bot/main.py", line 1, in <module>
    import bot
  File "/home/pi/shared/vx_bot/bot.py", line 2, in <module>
    import responses
  File "/home/pi/shared/vx_bot/responses.py", line 1, in <module>
    import snscrape.modules.twitter as sntwitter
ModuleNotFoundError: No module named 'snscrape'
Ignoring exception in on_message
Traceback (most recent call last):
  File "/home/pi/.local/lib/python3.7/site-packages/discord/client.py", line 343, in _run_event
    await coro(*args, **kwargs)
  File "/home/pi/shared/vx_bot/bot.py", line 43, in on_message
    if user_message[0] == '?':
IndexError: string index out of range
Ignoring exception in on_message
Traceback (most recent call last):
  File "/home/pi/.local/lib/python3.7/site-packages/discord/client.py", line 343, in _run_event
    await coro(*args, **kwargs)
  File "/home/pi/shared/vx_bot/bot.py", line 43, in on_message
    if user_message[0] == '?':
IndexError: string index out of range
Ignoring exception in on_message
Traceback (most recent call last):
  File "/home/pi/.local/lib/python3.7/site-packages/discord/client.py", line 343, in _run_event
    await coro(*args, **kwargs)
  File "/home/pi/shared/vx_bot/bot.py", line 43, in on_message
    if user_message[0] == '?':
IndexError: string index out of range
Ignoring exception in on_message
Traceback (most recent call last):
  File "/home/pi/.local/lib/python3.7/site-packages/discord/client.py", line 343, in _run_event
    await coro(*args, **kwargs)
  File "/home/pi/shared/vx_bot/bot.py", line 43, in on_message
    if user_message[0] == '?':
IndexError: string index out of range
Ignoring exception in on_message
Traceback (most recent call last):
  File "/home/pi/.local/lib/python3.7/site-packages/discord/client.py", line 343, in _run_event
    await coro(*args, **kwargs)
  File "/home/pi/shared/vx_bot/bot.py", line 43, in on_message
    if user_message[0] == '?':
IndexError: string index out of range

Iñaki#1968 said: 'https://twitter.com/BASEDGODJAMANI/status/1664300397249396737' (en-llamada)
module 'snscrape.modules.twitter' has no attribute 'TwitterTweetScraper'
arthas1100#8934 said: 'tetas' (en-llamada)
400 Bad Request (error code: 50006): Cannot send an empty message
Dunspa#5960 said: 'si, mejor' (generalisimo)
400 Bad Request (error code: 50006): Cannot send an empty message
Dunspa#5960 said: 'es que python es un lenguaje de mierda' (generalisimo)
400 Bad Request (error code: 50006): Cannot send an empty message
Dunspa#5960 said: 'si lo hubieses hecho en go............' (generalisimo)
400 Bad Request (error code: 50006): Cannot send an empty message
Óscar#4522 said: '<@352572019814039573> te voy a joder la vida https://twitter.com/BlackEspanolito/status/1664374977884217346?t=lxsNcVhZHHKYWW6HHT3-pQ&s=19' (generalisimo)
module 'snscrape.modules.twitter' has no attribute 'TwitterTweetScraper'
FinnConde#0950 said: 'vale' (generalisimo)
400 Bad Request (error code: 50006): Cannot send an empty message
FinnConde#0950 said: 'VALE' (generalisimo)
400 Bad Request (error code: 50006): Cannot send an empty message
FinnConde#0950 said: 'https://twitter.com/NocturnalEru/status/1664190581923258368' (generalisimo)
module 'snscrape.modules.twitter' has no attribute 'TwitterTweetScraper'
FinnConde#0950 said: '.' (generalisimo)
400 Bad Request (error code: 50006): Cannot send an empty message
FinnConde#0950 said: 'ODIO' (generalisimo)
400 Bad Request (error code: 50006): Cannot send an empty message
Iñaki#1968 said: '15 minutos.' (generalisimo)
400 Bad Request (error code: 50006): Cannot send an empty message
FinnConde#0950 said: 'https://twitter.com/NocturnalEru/status/1664190581923258368' (generalisimo)
module 'snscrape.modules.twitter' has no attribute 'TwitterTweetScraper'
FinnConde#0950 said: 'mira me cago en dios' (generalisimo)
400 Bad Request (error code: 50006): Cannot send an empty message
caunipa#5890 said: 'por' (generalisimo)
400 Bad Request (error code: 50006): Cannot send an empty message
Óscar#4522 said: 'Porque eres un friki' (generalisimo)
400 Bad Request (error code: 50006): Cannot send an empty message
Pavro#5053 said: 'https://twitter.com/fuwasnow2/status/1664320133525913618' (en-llamada)
module 'snscrape.modules.twitter' has no attribute 'TwitterTweetScraper'
FinnConde#0950 said: '<@244479188831174657> <@264524470302146561> bajen el volumen que nos echan la bronca otra vez' (generalisimo)
400 Bad Request (error code: 50006): Cannot send an empty message
Dunspa#5960 said: 'true' (generalisimo)
400 Bad Request (error code: 50006): Cannot send an empty message
Iñaki#1968 said: '' (en-llamada)
caunipa#5890 said: 'CHARLIE' (en-llamada)
400 Bad Request (error code: 50006): Cannot send an empty message
Iñaki#1968 said: 'https://vxtwitter.com/bigkirbyfan/status/1663834868046876672' (en-llamada)
400 Bad Request (error code: 50006): Cannot send an empty message
Iñaki#1968 said: 'El street fighter 6 se desbloqueara a la 1 aprox y Pepe chupa enorme pito de mono' (foreshadowing)
403 Forbidden (error code: 50013): Missing Permissions
ChinChainis27#7607 said: 'Alguien puede mirar este perro por favor' (generalisimo)
400 Bad Request (error code: 50006): Cannot send an empty message
[2023-06-02 00:34:24] [INFO    ] discord.client: logging in using static token
[2023-06-02 00:34:25] [INFO    ] discord.gateway: Shard ID None has connected to Gateway (Session ID: f174fd99cb2d68ba8172afc0b9f54d9b).
[2023-06-02 00:39:44] [ERROR   ] discord.client: Ignoring exception in on_message
Traceback (most recent call last):
  File "/home/pi/.local/lib/python3.10/site-packages/discord/client.py", line 441, in _run_event
    await coro(*args, **kwargs)
  File "/home/pi/shared/vx_bot/bot.py", line 43, in on_message
    if user_message[0] == '?':
IndexError: string index out of range
[2023-06-02 00:52:00] [INFO    ] discord.gateway: Shard ID None has successfully RESUMED session f174fd99cb2d68ba8172afc0b9f54d9b.
